<?xml version="1.0" encoding="UTF-8"?>
<testng-results skipped="0" failed="0" total="1" passed="1">
  <reporter-output>
  </reporter-output>
  <suite name="Suite" duration-ms="7264" started-at="2019-02-07T10:34:33Z" finished-at="2019-02-07T10:34:40Z">
    <groups>
    </groups>
    <test name="Test" duration-ms="7264" started-at="2019-02-07T10:34:33Z" finished-at="2019-02-07T10:34:40Z">
      <class name="test.NewTest">
        <test-method status="PASS" signature="test()[pri:0, instance:test.NewTest@73f792cf]" name="test" duration-ms="7255" started-at="2019-02-07T16:04:33Z" finished-at="2019-02-07T16:04:40Z">
          <reporter-output>
          </reporter-output>
        </test-method> <!-- test -->
      </class> <!-- test.NewTest -->
    </test> <!-- Test -->
  </suite> <!-- Suite -->
</testng-results>
