<?xml version="1.0" encoding="UTF-8"?>
<testng-results skipped="0" failed="0" ignored="0" total="1" passed="1">
  <reporter-output>
  </reporter-output>
  <suite name="Default suite" duration-ms="7437" started-at="2019-02-06T20:11:13Z" finished-at="2019-02-06T20:11:20Z">
    <groups>
    </groups>
    <test name="Default test" duration-ms="7437" started-at="2019-02-06T20:11:13Z" finished-at="2019-02-06T20:11:20Z">
      <class name="test.NewTest">
        <test-method status="PASS" signature="test()[pri:0, instance:test.NewTest@28d25987]" name="test" duration-ms="7414" started-at="2019-02-06T20:11:13Z" finished-at="2019-02-06T20:11:20Z">
          <reporter-output>
          </reporter-output>
        </test-method> <!-- test -->
      </class> <!-- test.NewTest -->
    </test> <!-- Default test -->
  </suite> <!-- Default suite -->
</testng-results>
